2020-01-01 20:40:08,771 INFO o.a.j.u.JMeterUtils: Setting Locale to zh_CN
2020-01-01 20:40:08,782 INFO o.a.j.JMeter: Loading user properties from: user.properties
2020-01-01 20:40:08,782 INFO o.a.j.JMeter: Loading system properties from: system.properties
2020-01-01 20:40:08,782 INFO o.a.j.JMeter: Setting JMeter property: jmeter.save.saveservice.output_format=xml
2020-01-01 20:40:08,786 INFO o.a.j.JMeter: Copyright (c) 1998-2018 The Apache Software Foundation
2020-01-01 20:40:08,787 INFO o.a.j.JMeter: Version 4.0 r1823414
2020-01-01 20:40:08,787 INFO o.a.j.JMeter: java.version=1.8.0_144
2020-01-01 20:40:08,787 INFO o.a.j.JMeter: java.vm.name=Java HotSpot(TM) 64-Bit Server VM
2020-01-01 20:40:08,787 INFO o.a.j.JMeter: os.name=Windows 10
2020-01-01 20:40:08,787 INFO o.a.j.JMeter: os.arch=amd64
2020-01-01 20:40:08,787 INFO o.a.j.JMeter: os.version=10.0
2020-01-01 20:40:08,787 INFO o.a.j.JMeter: file.encoding=GBK
2020-01-01 20:40:08,787 INFO o.a.j.JMeter: Max memory     =3795845120
2020-01-01 20:40:08,787 INFO o.a.j.JMeter: Available Processors =8
2020-01-01 20:40:08,792 INFO o.a.j.JMeter: Default Locale=中文 (中国)
2020-01-01 20:40:08,792 INFO o.a.j.JMeter: JMeter  Locale=中文 (中国)
2020-01-01 20:40:08,793 INFO o.a.j.JMeter: JMeterHome=D:\apache-jmeter-4.0
2020-01-01 20:40:08,793 INFO o.a.j.JMeter: user.dir  =D:\apache-jmeter-4.0\bin
2020-01-01 20:40:08,793 INFO o.a.j.JMeter: PWD       =D:\apache-jmeter-4.0\bin
2020-01-01 20:40:08,794 INFO o.a.j.JMeter: IP: 192.168.0.107 Name: DESKTOP-STSBMQU FullName: DESKTOP-STSBMQU
2020-01-01 20:40:08,797 INFO o.a.j.s.FileServer: Default base='D:\apache-jmeter-4.0\bin'
2020-01-01 20:40:08,800 INFO o.a.j.s.FileServer: Set new base='D:\apache-jmeter-4.0\testSuite\script'
2020-01-01 20:40:08,899 INFO o.a.j.s.SaveService: Testplan (JMX) version: 2.2. Testlog (JTL) version: 2.2
2020-01-01 20:40:08,911 INFO o.a.j.s.SaveService: Using SaveService properties file encoding UTF-8
2020-01-01 20:40:08,914 INFO o.a.j.s.SaveService: Using SaveService properties version 4.0
2020-01-01 20:40:08,918 INFO o.a.j.s.SaveService: Loading file: D:\apache-jmeter-4.0\testSuite\script\查询手机归属地.jmx
2020-01-01 20:40:08,972 INFO o.a.j.p.h.s.HTTPSamplerBase: Parser for text/html is org.apache.jmeter.protocol.http.parser.LagartoBasedHtmlParser
2020-01-01 20:40:08,972 INFO o.a.j.p.h.s.HTTPSamplerBase: Parser for application/xhtml+xml is org.apache.jmeter.protocol.http.parser.LagartoBasedHtmlParser
2020-01-01 20:40:08,972 INFO o.a.j.p.h.s.HTTPSamplerBase: Parser for application/xml is org.apache.jmeter.protocol.http.parser.LagartoBasedHtmlParser
2020-01-01 20:40:08,972 INFO o.a.j.p.h.s.HTTPSamplerBase: Parser for text/xml is org.apache.jmeter.protocol.http.parser.LagartoBasedHtmlParser
2020-01-01 20:40:08,972 INFO o.a.j.p.h.s.HTTPSamplerBase: Parser for text/vnd.wap.wml is org.apache.jmeter.protocol.http.parser.RegexpHTMLParser
2020-01-01 20:40:08,972 INFO o.a.j.p.h.s.HTTPSamplerBase: Parser for text/css is org.apache.jmeter.protocol.http.parser.CssParser
2020-01-01 20:40:08,980 INFO o.a.j.JMeter: Creating summariser <summary>
2020-01-01 20:40:08,983 INFO o.a.j.e.StandardJMeterEngine: Running the test!
2020-01-01 20:40:08,984 INFO o.a.j.s.SampleEvent: List of sample_variables: []
2020-01-01 20:40:08,984 INFO o.a.j.s.SampleEvent: List of sample_variables: []
2020-01-01 20:40:08,987 INFO o.a.j.e.u.CompoundVariable: Note: Function class names must contain the string: '.functions.'
2020-01-01 20:40:08,987 INFO o.a.j.e.u.CompoundVariable: Note: Function class names must not contain the string: '.gui.'
2020-01-01 20:40:09,218 INFO o.a.j.JMeter: 正在运行的测试 (1577882409218)
2020-01-01 20:40:09,254 INFO o.a.j.e.StandardJMeterEngine: Starting ThreadGroup: 1 : 线程组
2020-01-01 20:40:09,254 INFO o.a.j.e.StandardJMeterEngine: Starting 1 threads for group 线程组.
2020-01-01 20:40:09,254 INFO o.a.j.e.StandardJMeterEngine: Thread will continue on error
2020-01-01 20:40:09,254 INFO o.a.j.t.ThreadGroup: Starting thread group... number=1 threads=1 ramp-up=1 perThread=1000.0 delayedStart=false
2020-01-01 20:40:09,259 INFO o.a.j.t.ThreadGroup: Started thread group number 1
2020-01-01 20:40:09,259 INFO o.a.j.e.StandardJMeterEngine: All thread groups have been started
2020-01-01 20:40:09,261 INFO o.a.j.t.JMeterThread: Thread started: 线程组 1-1
2020-01-01 20:40:09,277 INFO o.a.j.p.h.s.HTTPHCAbstractImpl: Local host = DESKTOP-STSBMQU
2020-01-01 20:40:09,281 INFO o.a.j.p.h.s.HTTPHC4Impl: HTTP request retry count = 0
2020-01-01 20:40:09,287 INFO o.a.j.s.SampleResult: Note: Sample TimeStamps are START times
2020-01-01 20:40:09,287 INFO o.a.j.s.SampleResult: sampleresult.default.encoding is set to ISO-8859-1
2020-01-01 20:40:09,287 INFO o.a.j.s.SampleResult: sampleresult.useNanoTime=true
2020-01-01 20:40:09,287 INFO o.a.j.s.SampleResult: sampleresult.nanoThreadSleep=5000
2020-01-01 20:40:09,568 INFO o.a.j.t.JMeterThread: Thread is done: 线程组 1-1
2020-01-01 20:40:09,569 INFO o.a.j.t.JMeterThread: Thread finished: 线程组 1-1
2020-01-01 20:40:09,569 INFO o.a.j.e.StandardJMeterEngine: Notifying test listeners of end of test
2020-01-01 20:40:09,570 INFO o.a.j.r.Summariser: summary =      1 in 00:00:00 =    2.8/s Avg:   256 Min:   256 Max:   256 Err:     0 (0.00%)
